<?xml version='1.0' encoding='UTF-8'?>
<testsuite hostname="hshidlov-MOBL" name="DBTest.tablesQueries" tests="4" errors="0" failures="0" skipped="0" time="672.532">
                     <properties>
[...]
</properties>
                     <testcase classname="DBTest.tablesQueries" name="testPassengerCount" time="0.58">
                                                 
                                               </testcase><testcase classname="DBTest.tablesQueries" name="testRealTime" time="662.153">
                                                 
                                               </testcase><testcase classname="DBTest.tablesQueries" name="testCalendar" time="9.79">
                                                 
                                               </testcase><testcase classname="DBTest.tablesQueries" name="testAgency" time="0.009">
                                                 
                                               </testcase>
                     <system-out><![CDATA[]]></system-out>
                     <system-err><![CDATA[]]></system-err>
                   </testsuite>